<?xml version="1.0" encoding="UTF-8"?>
<robot generator="Robot 6.1.1 (Python 3.11.9 on linux)" generated="20250504 11:40:03.798" rpa="false" schemaversion="4">
<suite id="s1" name="Devopsproeu-Bgp" source="/nso/run/packages/devopsproeu-bgp/tests/devopsproeu-bgp.robot">
<kw name="Set my HTTP Request Header" type="SETUP">
<doc>Set the headers for NSO REST requests</doc>
<kw name="Set Headers" library="REST">
<arg>{ "Authorization": "Basic YWRtaW46YWRtaW4="}</arg>
<tag>settings</tag>
<doc>*Sets new request headers or updates the existing.*</doc>
<status status="PASS" starttime="20250504 11:40:03.912" endtime="20250504 11:40:03.912"/>
</kw>
<kw name="Set Headers" library="REST">
<arg>{ "Accept": "application/yang-data+json"}</arg>
<tag>settings</tag>
<doc>*Sets new request headers or updates the existing.*</doc>
<status status="PASS" starttime="20250504 11:40:03.912" endtime="20250504 11:40:03.913"/>
</kw>
<kw name="Set Headers" library="REST">
<arg>{ "Content-type": "application/yang-data+json"}</arg>
<tag>settings</tag>
<doc>*Sets new request headers or updates the existing.*</doc>
<status status="PASS" starttime="20250504 11:40:03.913" endtime="20250504 11:40:03.913"/>
</kw>
<status status="PASS" starttime="20250504 11:40:03.912" endtime="20250504 11:40:03.913"/>
</kw>
<test id="s1-t1" name="⚙ Provision BGP inventory configurations ⚙" line="19">
<kw name="Get File" library="OperatingSystem">
<var>${bgp_inventory}</var>
<arg>bgp-inventory.json</arg>
<doc>Returns the contents of a specified file.</doc>
<msg timestamp="20250504 11:40:03.913" level="INFO" html="true">Getting file '&lt;a href="file:///nso/run/packages/devopsproeu-bgp/tests/bgp-inventory.json"&gt;/nso/run/packages/devopsproeu-bgp/tests/bgp-inventory.json&lt;/a&gt;'.</msg>
<msg timestamp="20250504 11:40:03.913" level="INFO">${bgp_inventory} = {
    "data": {
      "devopsproeu-bgp:devopsproeu-bgp": [
        {
          "device": "ciscolive-iosxr-dummy-01",
          "local-as": 65001,
          "neighbors": [
            {
              "...</msg>
<status status="PASS" starttime="20250504 11:40:03.913" endtime="20250504 11:40:03.914"/>
</kw>
<kw name="Log" library="BuiltIn">
<arg>${bgp_inventory}</arg>
<doc>Logs the given message with the given level.</doc>
<msg timestamp="20250504 11:40:03.914" level="INFO">{
    "data": {
      "devopsproeu-bgp:devopsproeu-bgp": [
        {
          "device": "ciscolive-iosxr-dummy-01",
          "local-as": 65001,
          "neighbors": [
            {
              "address": "192.0.2.2",
              "remote-as": 65002,
              "networks": [
                {
                  "prefix": "192.168.1.0/24"
                }
              ]
            },
            {
              "address": "203.0.113.1",
              "remote-as": 65003,
              "networks": [
                {
                  "prefix": "196.178.1.0/24"
                }
              ]
            }
          ]
        },
        {
          "device": "ciscolive-iosxr-dummy-02",
          "local-as": 65001,
          "neighbors": [
            {
              "address": "199.0.113.1",
              "remote-as": 65002,
              "networks": [
                {
                  "prefix": "198.145.1.0/24"
                }
              ]
            }
          ]
        }
      ]
    }
  }</msg>
<status status="PASS" starttime="20250504 11:40:03.914" endtime="20250504 11:40:03.914"/>
</kw>
<kw name="PATCH" library="REST">
<var>${result}</var>
<arg>${url_acl_service}</arg>
<arg>${bgp_inventory}</arg>
<tag>http</tag>
<doc>*Sends a PATCH request to the endpoint.*</doc>
<msg timestamp="20250504 11:40:03.915" level="FAIL">ConnectionError: HTTPConnectionPool(host='localhost', port=8080): Max retries exceeded with url: /restconf/data/devopsproeu-bgp:devopsproeu-bgp (Caused by NewConnectionError('&lt;urllib3.connection.HTTPConnection object at 0xffff8fde4110&gt;: Failed to establish a new connection: [Errno 111] Connection refused'))</msg>
<status status="FAIL" starttime="20250504 11:40:03.914" endtime="20250504 11:40:03.917"/>
</kw>
<kw name="Log" library="BuiltIn">
<arg>${result}</arg>
<doc>Logs the given message with the given level.</doc>
<status status="NOT RUN" starttime="20250504 11:40:03.917" endtime="20250504 11:40:03.917"/>
</kw>
<doc>⚙ Provision BGP inventory configurations ⚙</doc>
<status status="FAIL" starttime="20250504 11:40:03.913" endtime="20250504 11:40:03.917">ConnectionError: HTTPConnectionPool(host='localhost', port=8080): Max retries exceeded with url: /restconf/data/devopsproeu-bgp:devopsproeu-bgp (Caused by NewConnectionError('&lt;urllib3.connection.HTTPConnection object at 0xffff8fde4110&gt;: Failed to establish a new connection: [Errno 111] Connection refused'))</status>
</test>
<doc>DevOpsPro Europe 2025 🇱🇹🇪🇺 - Testing of BGP inventory provisioning.
Part of the session "Taming your Data Networks with the Power of NetDevOps"
Author: @ponchotitlan</doc>
<status status="FAIL" starttime="20250504 11:40:03.798" endtime="20250504 11:40:03.917"/>
</suite>
<statistics>
<total>
<stat pass="0" fail="1" skip="0">All Tests</stat>
</total>
<tag>
</tag>
<suite>
<stat pass="0" fail="1" skip="0" id="s1" name="Devopsproeu-Bgp">Devopsproeu-Bgp</stat>
</suite>
</statistics>
<errors>
</errors>
</robot>
